2022-07-04 16:20:41.264  INFO 17984 --- [restartedMain] com.example.yuan.Test1Application        : Starting Test1Application using Java 17.0.3 on luode with PID 17984 (D:\learn\大三下\软件过程与管理\devicemanage1\devicemanage\test1\target\classes started by 雒得 in D:\learn\大三下\软件过程与管理\devicemanage1\devicemanage)
2022-07-04 16:20:41.269  INFO 17984 --- [restartedMain] com.example.yuan.Test1Application        : No active profile set, falling back to default profiles: default
2022-07-04 16:20:41.336  INFO 17984 --- [restartedMain] .e.DevToolsPropertyDefaultsPostProcessor : Devtools property defaults active! Set 'spring.devtools.add-properties' to 'false' to disable
2022-07-04 16:20:41.336  INFO 17984 --- [restartedMain] .e.DevToolsPropertyDefaultsPostProcessor : For additional web related logging consider setting the 'logging.level.web' property to 'DEBUG'
2022-07-04 16:20:42.305  INFO 17984 --- [restartedMain] o.s.b.w.embedded.tomcat.TomcatWebServer  : Tomcat initialized with port(s): 8080 (http)
2022-07-04 16:20:42.311  INFO 17984 --- [restartedMain] o.apache.catalina.core.StandardService   : Starting service [Tomcat]
2022-07-04 16:20:42.312  INFO 17984 --- [restartedMain] org.apache.catalina.core.StandardEngine  : Starting Servlet engine: [Apache Tomcat/9.0.55]
2022-07-04 16:20:42.463  INFO 17984 --- [restartedMain] org.apache.jasper.servlet.TldScanner     : At least one JAR was scanned for TLDs yet contained no TLDs. Enable debug logging for this logger for a complete list of JARs that were scanned but no TLDs were found in them. Skipping unneeded JARs during scanning can improve startup time and JSP compilation time.
2022-07-04 16:20:42.470  INFO 17984 --- [restartedMain] o.a.c.c.C.[Tomcat].[localhost].[/]       : Initializing Spring embedded WebApplicationContext
2022-07-04 16:20:42.470  INFO 17984 --- [restartedMain] w.s.c.ServletWebServerApplicationContext : Root WebApplicationContext: initialization completed in 1133 ms
2022-07-04 16:20:42.569  INFO 17984 --- [restartedMain] c.a.d.s.b.a.DruidDataSourceAutoConfigure : Init DruidDataSource
2022-07-04 16:20:42.644  INFO 17984 --- [restartedMain] com.alibaba.druid.pool.DruidDataSource   : {dataSource-1} inited
2022-07-04 16:20:43.298  INFO 17984 --- [restartedMain] o.s.b.d.a.OptionalLiveReloadServer       : LiveReload server is running on port 35729
2022-07-04 16:20:43.425  INFO 17984 --- [restartedMain] o.s.b.w.embedded.tomcat.TomcatWebServer  : Tomcat started on port(s): 8080 (http) with context path ''
2022-07-04 16:20:43.440  INFO 17984 --- [restartedMain] com.example.yuan.Test1Application        : Started Test1Application in 2.593 seconds (JVM running for 3.299)
2022-07-04 16:21:09.520  INFO 17984 --- [SpringApplicationShutdownHook] com.alibaba.druid.pool.DruidDataSource   : {dataSource-1} closing ...
2022-07-04 16:21:09.521  INFO 17984 --- [SpringApplicationShutdownHook] com.alibaba.druid.pool.DruidDataSource   : {dataSource-1} closed
2022-07-04 16:21:14.643  INFO 16464 --- [restartedMain] com.example.yuan.Test1Application        : Starting Test1Application using Java 17.0.3 on luode with PID 16464 (D:\learn\大三下\软件过程与管理\devicemanage1\devicemanage\test1\target\classes started by 雒得 in D:\learn\大三下\软件过程与管理\devicemanage1\devicemanage)
2022-07-04 16:21:14.644  INFO 16464 --- [restartedMain] com.example.yuan.Test1Application        : No active profile set, falling back to default profiles: default
2022-07-04 16:21:14.693  INFO 16464 --- [restartedMain] .e.DevToolsPropertyDefaultsPostProcessor : Devtools property defaults active! Set 'spring.devtools.add-properties' to 'false' to disable
2022-07-04 16:21:14.693  INFO 16464 --- [restartedMain] .e.DevToolsPropertyDefaultsPostProcessor : For additional web related logging consider setting the 'logging.level.web' property to 'DEBUG'
2022-07-04 16:21:15.584  INFO 16464 --- [restartedMain] o.s.b.w.embedded.tomcat.TomcatWebServer  : Tomcat initialized with port(s): 8080 (http)
2022-07-04 16:21:15.590  INFO 16464 --- [restartedMain] o.apache.catalina.core.StandardService   : Starting service [Tomcat]
2022-07-04 16:21:15.591  INFO 16464 --- [restartedMain] org.apache.catalina.core.StandardEngine  : Starting Servlet engine: [Apache Tomcat/9.0.55]
2022-07-04 16:21:15.712  INFO 16464 --- [restartedMain] org.apache.jasper.servlet.TldScanner     : At least one JAR was scanned for TLDs yet contained no TLDs. Enable debug logging for this logger for a complete list of JARs that were scanned but no TLDs were found in them. Skipping unneeded JARs during scanning can improve startup time and JSP compilation time.
2022-07-04 16:21:15.717  INFO 16464 --- [restartedMain] o.a.c.c.C.[Tomcat].[localhost].[/]       : Initializing Spring embedded WebApplicationContext
2022-07-04 16:21:15.717  INFO 16464 --- [restartedMain] w.s.c.ServletWebServerApplicationContext : Root WebApplicationContext: initialization completed in 1023 ms
2022-07-04 16:21:15.801  INFO 16464 --- [restartedMain] c.a.d.s.b.a.DruidDataSourceAutoConfigure : Init DruidDataSource
2022-07-04 16:21:15.869  INFO 16464 --- [restartedMain] com.alibaba.druid.pool.DruidDataSource   : {dataSource-1} inited
2022-07-04 16:21:16.278  INFO 16464 --- [restartedMain] o.s.b.d.a.OptionalLiveReloadServer       : LiveReload server is running on port 35729
2022-07-04 16:21:16.340  INFO 16464 --- [restartedMain] o.s.b.w.embedded.tomcat.TomcatWebServer  : Tomcat started on port(s): 8080 (http) with context path ''
2022-07-04 16:21:16.351  INFO 16464 --- [restartedMain] com.example.yuan.Test1Application        : Started Test1Application in 2.05 seconds (JVM running for 2.68)
2022-07-04 16:21:26.432  INFO 16464 --- [http-nio-8080-exec-1] o.a.c.c.C.[Tomcat].[localhost].[/]       : Initializing Spring DispatcherServlet 'dispatcherServlet'
2022-07-04 16:21:26.432  INFO 16464 --- [http-nio-8080-exec-1] o.s.web.servlet.DispatcherServlet        : Initializing Servlet 'dispatcherServlet'
2022-07-04 16:21:26.433  INFO 16464 --- [http-nio-8080-exec-1] o.s.web.servlet.DispatcherServlet        : Completed initialization in 1 ms
2022-07-04 16:21:27.043  WARN 16464 --- [http-nio-8080-exec-9] o.s.web.servlet.PageNotFound             : No mapping for GET /favicon.ico
2022-07-04 16:21:29.985  WARN 16464 --- [http-nio-8080-exec-9] .w.s.m.s.DefaultHandlerExceptionResolver : Resolved [org.springframework.web.method.annotation.MethodArgumentTypeMismatchException: Failed to convert value of type 'java.lang.String' to required type 'java.lang.Integer'; nested exception is java.lang.NumberFormatException: For input string: "admin"]
2022-07-04 16:24:36.942  INFO 16464 --- [SpringApplicationShutdownHook] com.alibaba.druid.pool.DruidDataSource   : {dataSource-1} closing ...
2022-07-04 16:24:36.945  INFO 16464 --- [SpringApplicationShutdownHook] com.alibaba.druid.pool.DruidDataSource   : {dataSource-1} closed
2022-07-04 16:24:39.548  INFO 16576 --- [restartedMain] com.example.yuan.Test1Application        : Starting Test1Application using Java 17.0.3 on luode with PID 16576 (D:\learn\大三下\软件过程与管理\devicemanage1\devicemanage\test1\target\classes started by 雒得 in D:\learn\大三下\软件过程与管理\devicemanage1\devicemanage)
2022-07-04 16:24:39.549  INFO 16576 --- [restartedMain] com.example.yuan.Test1Application        : No active profile set, falling back to default profiles: default
2022-07-04 16:24:39.605  INFO 16576 --- [restartedMain] .e.DevToolsPropertyDefaultsPostProcessor : Devtools property defaults active! Set 'spring.devtools.add-properties' to 'false' to disable
2022-07-04 16:24:39.605  INFO 16576 --- [restartedMain] .e.DevToolsPropertyDefaultsPostProcessor : For additional web related logging consider setting the 'logging.level.web' property to 'DEBUG'
2022-07-04 16:24:40.393  INFO 16576 --- [restartedMain] o.s.b.w.embedded.tomcat.TomcatWebServer  : Tomcat initialized with port(s): 8080 (http)
2022-07-04 16:24:40.399  INFO 16576 --- [restartedMain] o.apache.catalina.core.StandardService   : Starting service [Tomcat]
2022-07-04 16:24:40.400  INFO 16576 --- [restartedMain] org.apache.catalina.core.StandardEngine  : Starting Servlet engine: [Apache Tomcat/9.0.55]
2022-07-04 16:24:40.522  INFO 16576 --- [restartedMain] org.apache.jasper.servlet.TldScanner     : At least one JAR was scanned for TLDs yet contained no TLDs. Enable debug logging for this logger for a complete list of JARs that were scanned but no TLDs were found in them. Skipping unneeded JARs during scanning can improve startup time and JSP compilation time.
2022-07-04 16:24:40.527  INFO 16576 --- [restartedMain] o.a.c.c.C.[Tomcat].[localhost].[/]       : Initializing Spring embedded WebApplicationContext
2022-07-04 16:24:40.528  INFO 16576 --- [restartedMain] w.s.c.ServletWebServerApplicationContext : Root WebApplicationContext: initialization completed in 923 ms
2022-07-04 16:24:40.611  INFO 16576 --- [restartedMain] c.a.d.s.b.a.DruidDataSourceAutoConfigure : Init DruidDataSource
2022-07-04 16:24:40.672  INFO 16576 --- [restartedMain] com.alibaba.druid.pool.DruidDataSource   : {dataSource-1} inited
2022-07-04 16:24:41.070  INFO 16576 --- [restartedMain] o.s.b.d.a.OptionalLiveReloadServer       : LiveReload server is running on port 35729
2022-07-04 16:24:41.128  INFO 16576 --- [restartedMain] o.s.b.w.embedded.tomcat.TomcatWebServer  : Tomcat started on port(s): 8080 (http) with context path ''
2022-07-04 16:24:41.136  INFO 16576 --- [restartedMain] com.example.yuan.Test1Application        : Started Test1Application in 1.939 seconds (JVM running for 2.619)
2022-07-04 16:24:41.256  INFO 16576 --- [http-nio-8080-exec-1] o.a.c.c.C.[Tomcat].[localhost].[/]       : Initializing Spring DispatcherServlet 'dispatcherServlet'
2022-07-04 16:24:41.256  INFO 16576 --- [http-nio-8080-exec-1] o.s.web.servlet.DispatcherServlet        : Initializing Servlet 'dispatcherServlet'
2022-07-04 16:24:41.257  INFO 16576 --- [http-nio-8080-exec-1] o.s.web.servlet.DispatcherServlet        : Completed initialization in 1 ms
2022-07-04 16:25:19.072  INFO 16576 --- [SpringApplicationShutdownHook] com.alibaba.druid.pool.DruidDataSource   : {dataSource-1} closing ...
2022-07-04 16:25:19.075  INFO 16576 --- [SpringApplicationShutdownHook] com.alibaba.druid.pool.DruidDataSource   : {dataSource-1} closed
2022-07-04 16:25:21.818  INFO 2188 --- [restartedMain] com.example.yuan.Test1Application        : Starting Test1Application using Java 17.0.3 on luode with PID 2188 (D:\learn\大三下\软件过程与管理\devicemanage1\devicemanage\test1\target\classes started by 雒得 in D:\learn\大三下\软件过程与管理\devicemanage1\devicemanage)
2022-07-04 16:25:21.819  INFO 2188 --- [restartedMain] com.example.yuan.Test1Application        : No active profile set, falling back to default profiles: default
2022-07-04 16:25:21.872  INFO 2188 --- [restartedMain] .e.DevToolsPropertyDefaultsPostProcessor : Devtools property defaults active! Set 'spring.devtools.add-properties' to 'false' to disable
2022-07-04 16:25:21.872  INFO 2188 --- [restartedMain] .e.DevToolsPropertyDefaultsPostProcessor : For additional web related logging consider setting the 'logging.level.web' property to 'DEBUG'
2022-07-04 16:25:22.649  INFO 2188 --- [restartedMain] o.s.b.w.embedded.tomcat.TomcatWebServer  : Tomcat initialized with port(s): 8080 (http)
2022-07-04 16:25:22.656  INFO 2188 --- [restartedMain] o.apache.catalina.core.StandardService   : Starting service [Tomcat]
2022-07-04 16:25:22.656  INFO 2188 --- [restartedMain] org.apache.catalina.core.StandardEngine  : Starting Servlet engine: [Apache Tomcat/9.0.55]
2022-07-04 16:25:22.792  INFO 2188 --- [restartedMain] org.apache.jasper.servlet.TldScanner     : At least one JAR was scanned for TLDs yet contained no TLDs. Enable debug logging for this logger for a complete list of JARs that were scanned but no TLDs were found in them. Skipping unneeded JARs during scanning can improve startup time and JSP compilation time.
2022-07-04 16:25:22.798  INFO 2188 --- [restartedMain] o.a.c.c.C.[Tomcat].[localhost].[/]       : Initializing Spring embedded WebApplicationContext
2022-07-04 16:25:22.799  INFO 2188 --- [restartedMain] w.s.c.ServletWebServerApplicationContext : Root WebApplicationContext: initialization completed in 926 ms
2022-07-04 16:25:22.894  INFO 2188 --- [restartedMain] c.a.d.s.b.a.DruidDataSourceAutoConfigure : Init DruidDataSource
2022-07-04 16:25:22.955  INFO 2188 --- [restartedMain] com.alibaba.druid.pool.DruidDataSource   : {dataSource-1} inited
2022-07-04 16:25:23.343  INFO 2188 --- [restartedMain] o.s.b.d.a.OptionalLiveReloadServer       : LiveReload server is running on port 35729
2022-07-04 16:25:23.398  INFO 2188 --- [restartedMain] o.s.b.w.embedded.tomcat.TomcatWebServer  : Tomcat started on port(s): 8080 (http) with context path ''
2022-07-04 16:25:23.407  INFO 2188 --- [restartedMain] com.example.yuan.Test1Application        : Started Test1Application in 2.024 seconds (JVM running for 2.721)
2022-07-04 16:25:26.991  INFO 2188 --- [http-nio-8080-exec-1] o.a.c.c.C.[Tomcat].[localhost].[/]       : Initializing Spring DispatcherServlet 'dispatcherServlet'
2022-07-04 16:25:26.992  INFO 2188 --- [http-nio-8080-exec-1] o.s.web.servlet.DispatcherServlet        : Initializing Servlet 'dispatcherServlet'
2022-07-04 16:25:26.993  INFO 2188 --- [http-nio-8080-exec-1] o.s.web.servlet.DispatcherServlet        : Completed initialization in 1 ms
2022-07-04 16:25:54.624  INFO 2188 --- [SpringApplicationShutdownHook] com.alibaba.druid.pool.DruidDataSource   : {dataSource-1} closing ...
2022-07-04 16:25:54.627  INFO 2188 --- [SpringApplicationShutdownHook] com.alibaba.druid.pool.DruidDataSource   : {dataSource-1} closed
2022-07-04 16:25:57.316  INFO 15612 --- [restartedMain] com.example.yuan.Test1Application        : Starting Test1Application using Java 17.0.3 on luode with PID 15612 (D:\learn\大三下\软件过程与管理\devicemanage1\devicemanage\test1\target\classes started by 雒得 in D:\learn\大三下\软件过程与管理\devicemanage1\devicemanage)
2022-07-04 16:25:57.318  INFO 15612 --- [restartedMain] com.example.yuan.Test1Application        : No active profile set, falling back to default profiles: default
2022-07-04 16:25:57.369  INFO 15612 --- [restartedMain] .e.DevToolsPropertyDefaultsPostProcessor : Devtools property defaults active! Set 'spring.devtools.add-properties' to 'false' to disable
2022-07-04 16:25:57.369  INFO 15612 --- [restartedMain] .e.DevToolsPropertyDefaultsPostProcessor : For additional web related logging consider setting the 'logging.level.web' property to 'DEBUG'
2022-07-04 16:25:58.178  INFO 15612 --- [restartedMain] o.s.b.w.embedded.tomcat.TomcatWebServer  : Tomcat initialized with port(s): 8080 (http)
2022-07-04 16:25:58.183  INFO 15612 --- [restartedMain] o.apache.catalina.core.StandardService   : Starting service [Tomcat]
2022-07-04 16:25:58.184  INFO 15612 --- [restartedMain] org.apache.catalina.core.StandardEngine  : Starting Servlet engine: [Apache Tomcat/9.0.55]
2022-07-04 16:25:58.306  INFO 15612 --- [restartedMain] org.apache.jasper.servlet.TldScanner     : At least one JAR was scanned for TLDs yet contained no TLDs. Enable debug logging for this logger for a complete list of JARs that were scanned but no TLDs were found in them. Skipping unneeded JARs during scanning can improve startup time and JSP compilation time.
2022-07-04 16:25:58.312  INFO 15612 --- [restartedMain] o.a.c.c.C.[Tomcat].[localhost].[/]       : Initializing Spring embedded WebApplicationContext
2022-07-04 16:25:58.312  INFO 15612 --- [restartedMain] w.s.c.ServletWebServerApplicationContext : Root WebApplicationContext: initialization completed in 942 ms
2022-07-04 16:25:58.397  INFO 15612 --- [restartedMain] c.a.d.s.b.a.DruidDataSourceAutoConfigure : Init DruidDataSource
2022-07-04 16:25:58.455  INFO 15612 --- [restartedMain] com.alibaba.druid.pool.DruidDataSource   : {dataSource-1} inited
2022-07-04 16:25:58.856  INFO 15612 --- [restartedMain] o.s.b.d.a.OptionalLiveReloadServer       : LiveReload server is running on port 35729
2022-07-04 16:25:58.913  INFO 15612 --- [restartedMain] o.s.b.w.embedded.tomcat.TomcatWebServer  : Tomcat started on port(s): 8080 (http) with context path ''
2022-07-04 16:25:58.922  INFO 15612 --- [restartedMain] com.example.yuan.Test1Application        : Started Test1Application in 2.0 seconds (JVM running for 2.679)
2022-07-04 16:25:58.945  INFO 15612 --- [http-nio-8080-exec-1] o.a.c.c.C.[Tomcat].[localhost].[/]       : Initializing Spring DispatcherServlet 'dispatcherServlet'
2022-07-04 16:25:58.946  INFO 15612 --- [http-nio-8080-exec-1] o.s.web.servlet.DispatcherServlet        : Initializing Servlet 'dispatcherServlet'
2022-07-04 16:25:58.946  INFO 15612 --- [http-nio-8080-exec-1] o.s.web.servlet.DispatcherServlet        : Completed initialization in 0 ms
2022-07-04 16:26:13.596  INFO 15612 --- [SpringApplicationShutdownHook] com.alibaba.druid.pool.DruidDataSource   : {dataSource-1} closing ...
2022-07-04 16:26:13.599  INFO 15612 --- [SpringApplicationShutdownHook] com.alibaba.druid.pool.DruidDataSource   : {dataSource-1} closed
